<?xml version="1.0" encoding="UTF-8"?>
<testng-results skipped="1" failed="1" ignored="0" total="3" passed="1">
  <reporter-output>
  </reporter-output>
  <suite name="Default suite" duration-ms="129335" started-at="2019-10-03T13:01:28Z" finished-at="2019-10-03T13:03:37Z">
    <groups>
    </groups>
    <test name="Default test" duration-ms="129335" started-at="2019-10-03T13:01:28Z" finished-at="2019-10-03T13:03:37Z">
      <class name="WebRegFlows.AttendeeOnly">
        <test-method status="PASS" signature="getBrowser()[pri:0, instance:WebRegFlows.AttendeeOnly@6379eb]" name="getBrowser" is-config="true" duration-ms="7006" started-at="2019-10-03T13:01:21Z" finished-at="2019-10-03T13:01:28Z">
          <reporter-output>
          </reporter-output>
        </test-method> <!-- getBrowser -->
        <test-method status="PASS" signature="RandomNo()[pri:0, instance:WebRegFlows.AttendeeOnly@6379eb]" name="RandomNo" is-config="true" duration-ms="1" started-at="2019-10-03T13:01:28Z" finished-at="2019-10-03T13:01:28Z">
          <reporter-output>
          </reporter-output>
        </test-method> <!-- RandomNo -->
        <test-method status="PASS" signature="welcomePage()[pri:0, instance:WebRegFlows.AttendeeOnly@6379eb]" name="welcomePage" duration-ms="58315" started-at="2019-10-03T13:01:28Z" finished-at="2019-10-03T13:02:26Z">
          <reporter-output>
          </reporter-output>
        </test-method> <!-- welcomePage -->
        <test-method status="FAIL" signature="profilePage()[pri:1, instance:WebRegFlows.AttendeeOnly@6379eb]" name="profilePage" duration-ms="70311" started-at="2019-10-03T13:02:26Z" finished-at="2019-10-03T13:03:37Z">
          <exception class="org.openqa.selenium.NoSuchElementException">
            <message>
              <![CDATA[no such element: Unable to locate element: {"method":"xpath","selector":"//input[@name='middle']"}
  (Session info: chrome=73.0.3683.86)
  (Driver info: chromedriver=2.46.628402 (536cd7adbad73a3783fdc2cab92ab2ba7ec361e1),platform=Windows NT 6.1.7601 SP1 x86_64) (WARNING: The server did not provide any stacktrace information)
Command duration or timeout: 0 milliseconds
For documentation on this error, please visit: http://seleniumhq.org/exceptions/no_such_element.html
Build info: version: '3.11.0', revision: 'e59cfb3', time: '2018-03-11T20:26:55.152Z'
System info: host: 'KULANDASAMYC', ip: '172.17.9.18', os.name: 'Windows 7', os.arch: 'amd64', os.version: '6.1', java.version: '1.8.0_191'
Driver info: org.openqa.selenium.chrome.ChromeDriver
Capabilities {acceptInsecureCerts: false, acceptSslCerts: false, applicationCacheEnabled: false, browserConnectionEnabled: false, browserName: chrome, chrome: {chromedriverVersion: 2.46.628402 (536cd7adbad73a..., userDataDir: C:\Users\KULAND~1\AppData\L...}, cssSelectorsEnabled: true, databaseEnabled: false, goog:chromeOptions: {debuggerAddress: localhost:64615}, handlesAlerts: true, hasTouchScreen: false, javascriptEnabled: true, locationContextEnabled: true, mobileEmulationEnabled: false, nativeEvents: true, networkConnectionEnabled: false, pageLoadStrategy: normal, platform: XP, platformName: XP, proxy: Proxy(), rotatable: false, setWindowRect: true, strictFileInteractability: false, takesHeapSnapshot: true, takesScreenshot: true, timeouts: {implicit: 0, pageLoad: 300000, script: 30000}, unexpectedAlertBehaviour: ignore, unhandledPromptBehavior: ignore, version: 73.0.3683.86, webStorageEnabled: true}
Session ID: de8138ede68d968efaf6fbcbcbaf4d0b
*** Element info: {Using=xpath, value=//input[@name='middle']}]]>
            </message>
            <full-stacktrace>
              <![CDATA[org.openqa.selenium.NoSuchElementException: no such element: Unable to locate element: {"method":"xpath","selector":"//input[@name='middle']"}
  (Session info: chrome=73.0.3683.86)
  (Driver info: chromedriver=2.46.628402 (536cd7adbad73a3783fdc2cab92ab2ba7ec361e1),platform=Windows NT 6.1.7601 SP1 x86_64) (WARNING: The server did not provide any stacktrace information)
Command duration or timeout: 0 milliseconds
For documentation on this error, please visit: http://seleniumhq.org/exceptions/no_such_element.html
Build info: version: '3.11.0', revision: 'e59cfb3', time: '2018-03-11T20:26:55.152Z'
System info: host: 'KULANDASAMYC', ip: '172.17.9.18', os.name: 'Windows 7', os.arch: 'amd64', os.version: '6.1', java.version: '1.8.0_191'
Driver info: org.openqa.selenium.chrome.ChromeDriver
Capabilities {acceptInsecureCerts: false, acceptSslCerts: false, applicationCacheEnabled: false, browserConnectionEnabled: false, browserName: chrome, chrome: {chromedriverVersion: 2.46.628402 (536cd7adbad73a..., userDataDir: C:\Users\KULAND~1\AppData\L...}, cssSelectorsEnabled: true, databaseEnabled: false, goog:chromeOptions: {debuggerAddress: localhost:64615}, handlesAlerts: true, hasTouchScreen: false, javascriptEnabled: true, locationContextEnabled: true, mobileEmulationEnabled: false, nativeEvents: true, networkConnectionEnabled: false, pageLoadStrategy: normal, platform: XP, platformName: XP, proxy: Proxy(), rotatable: false, setWindowRect: true, strictFileInteractability: false, takesHeapSnapshot: true, takesScreenshot: true, timeouts: {implicit: 0, pageLoad: 300000, script: 30000}, unexpectedAlertBehaviour: ignore, unhandledPromptBehavior: ignore, version: 73.0.3683.86, webStorageEnabled: true}
Session ID: de8138ede68d968efaf6fbcbcbaf4d0b
*** Element info: {Using=xpath, value=//input[@name='middle']}
at sun.reflect.NativeConstructorAccessorImpl.newInstance0(Native Method)
at sun.reflect.NativeConstructorAccessorImpl.newInstance(NativeConstructorAccessorImpl.java:62)
at sun.reflect.DelegatingConstructorAccessorImpl.newInstance(DelegatingConstructorAccessorImpl.java:45)
at java.lang.reflect.Constructor.newInstance(Constructor.java:423)
at org.openqa.selenium.remote.ErrorHandler.createThrowable(ErrorHandler.java:214)
at org.openqa.selenium.remote.ErrorHandler.throwIfResponseFailed(ErrorHandler.java:166)
at org.openqa.selenium.remote.http.JsonHttpResponseCodec.reconstructValue(JsonHttpResponseCodec.java:40)
at org.openqa.selenium.remote.http.AbstractHttpResponseCodec.decode(AbstractHttpResponseCodec.java:80)
at org.openqa.selenium.remote.http.AbstractHttpResponseCodec.decode(AbstractHttpResponseCodec.java:44)
at org.openqa.selenium.remote.HttpCommandExecutor.execute(HttpCommandExecutor.java:158)
at org.openqa.selenium.remote.service.DriverCommandExecutor.execute(DriverCommandExecutor.java:83)
at org.openqa.selenium.remote.RemoteWebDriver.execute(RemoteWebDriver.java:545)
at org.openqa.selenium.remote.RemoteWebDriver.findElement(RemoteWebDriver.java:319)
at org.openqa.selenium.remote.RemoteWebDriver.findElementByXPath(RemoteWebDriver.java:421)
at org.openqa.selenium.By$ByXPath.findElement(By.java:361)
at org.openqa.selenium.remote.RemoteWebDriver.findElement(RemoteWebDriver.java:311)
at WebRegFlows.AttendeeOnly.profilePage(AttendeeOnly.java:96)
at sun.reflect.NativeMethodAccessorImpl.invoke0(Native Method)
at sun.reflect.NativeMethodAccessorImpl.invoke(NativeMethodAccessorImpl.java:62)
at sun.reflect.DelegatingMethodAccessorImpl.invoke(DelegatingMethodAccessorImpl.java:43)
at java.lang.reflect.Method.invoke(Method.java:498)
at org.testng.internal.MethodInvocationHelper.invokeMethod(MethodInvocationHelper.java:124)
at org.testng.internal.Invoker.invokeMethod(Invoker.java:580)
at org.testng.internal.Invoker.invokeTestMethod(Invoker.java:716)
at org.testng.internal.Invoker.invokeTestMethods(Invoker.java:988)
at org.testng.internal.TestMethodWorker.invokeTestMethods(TestMethodWorker.java:125)
at org.testng.internal.TestMethodWorker.run(TestMethodWorker.java:109)
at org.testng.TestRunner.privateRun(TestRunner.java:648)
at org.testng.TestRunner.run(TestRunner.java:505)
at org.testng.SuiteRunner.runTest(SuiteRunner.java:455)
at org.testng.SuiteRunner.runSequentially(SuiteRunner.java:450)
at org.testng.SuiteRunner.privateRun(SuiteRunner.java:415)
at org.testng.SuiteRunner.run(SuiteRunner.java:364)
at org.testng.SuiteRunnerWorker.runSuite(SuiteRunnerWorker.java:52)
at org.testng.SuiteRunnerWorker.run(SuiteRunnerWorker.java:84)
at org.testng.TestNG.runSuitesSequentially(TestNG.java:1208)
at org.testng.TestNG.runSuitesLocally(TestNG.java:1137)
at org.testng.TestNG.runSuites(TestNG.java:1049)
at org.testng.TestNG.run(TestNG.java:1017)
at org.testng.remote.AbstractRemoteTestNG.run(AbstractRemoteTestNG.java:114)
at org.testng.remote.RemoteTestNG.initAndRun(RemoteTestNG.java:251)
at org.testng.remote.RemoteTestNG.main(RemoteTestNG.java:77)
]]>
            </full-stacktrace>
          </exception> <!-- org.openqa.selenium.NoSuchElementException -->
          <reporter-output>
          </reporter-output>
        </test-method> <!-- profilePage -->
        <test-method status="SKIP" signature="payment()[pri:2, instance:WebRegFlows.AttendeeOnly@6379eb]" name="payment" duration-ms="0" started-at="2019-10-03T13:03:37Z" depends-on-methods="WebRegFlows.AttendeeOnly.profilePage" finished-at="2019-10-03T13:03:37Z">
          <exception class="java.lang.Throwable">
            <message>
              <![CDATA[Method AttendeeOnly.payment()[pri:2, instance:WebRegFlows.AttendeeOnly@6379eb] depends on not successfully finished methods]]>
            </message>
            <full-stacktrace>
              <![CDATA[java.lang.Throwable: Method AttendeeOnly.payment()[pri:2, instance:WebRegFlows.AttendeeOnly@6379eb] depends on not successfully finished methods
at org.testng.internal.Invoker.invokeTestMethods(Invoker.java:887)
at org.testng.internal.TestMethodWorker.invokeTestMethods(TestMethodWorker.java:125)
at org.testng.internal.TestMethodWorker.run(TestMethodWorker.java:109)
at org.testng.TestRunner.privateRun(TestRunner.java:648)
at org.testng.TestRunner.run(TestRunner.java:505)
at org.testng.SuiteRunner.runTest(SuiteRunner.java:455)
at org.testng.SuiteRunner.runSequentially(SuiteRunner.java:450)
at org.testng.SuiteRunner.privateRun(SuiteRunner.java:415)
at org.testng.SuiteRunner.run(SuiteRunner.java:364)
at org.testng.SuiteRunnerWorker.runSuite(SuiteRunnerWorker.java:52)
at org.testng.SuiteRunnerWorker.run(SuiteRunnerWorker.java:84)
at org.testng.TestNG.runSuitesSequentially(TestNG.java:1208)
at org.testng.TestNG.runSuitesLocally(TestNG.java:1137)
at org.testng.TestNG.runSuites(TestNG.java:1049)
at org.testng.TestNG.run(TestNG.java:1017)
at org.testng.remote.AbstractRemoteTestNG.run(AbstractRemoteTestNG.java:114)
at org.testng.remote.RemoteTestNG.initAndRun(RemoteTestNG.java:251)
at org.testng.remote.RemoteTestNG.main(RemoteTestNG.java:77)
]]>
            </full-stacktrace>
          </exception> <!-- java.lang.Throwable -->
          <reporter-output>
          </reporter-output>
        </test-method> <!-- payment -->
        <test-method status="PASS" signature="sendEmailReport()[pri:0, instance:WebRegFlows.AttendeeOnly@6379eb]" name="sendEmailReport" is-config="true" duration-ms="565" started-at="2019-10-03T13:03:37Z" finished-at="2019-10-03T13:03:37Z">
          <reporter-output>
          </reporter-output>
        </test-method> <!-- sendEmailReport -->
        <test-method status="PASS" signature="tear()[pri:0, instance:WebRegFlows.AttendeeOnly@6379eb]" name="tear" is-config="true" duration-ms="852" started-at="2019-10-03T13:03:38Z" finished-at="2019-10-03T13:03:38Z">
          <reporter-output>
          </reporter-output>
        </test-method> <!-- tear -->
      </class> <!-- WebRegFlows.AttendeeOnly -->
    </test> <!-- Default test -->
  </suite> <!-- Default suite -->
</testng-results>
